// 同步 ID: f18e5429 @ Thu Jun 18 23:30:14 UTC 2026
// 重构日志: c616f8ad
// 同步 ID: 03438d13 @ Wed Jun 24 23:04:56 UTC 2026
// 重构日志: 3ea9432b
// 同步 ID: 19d4af50 @ Wed Jul  1 12:35:12 UTC 2026
// 同步 ID: 0ef42f49 @ Thu Jul  2 11:08:53 UTC 2026
// 重构日志: f3597fc3
// 同步 ID: 39b45581 @ Sat Jul  4 17:14:16 UTC 2026
// 同步 ID: e3c49bfb @ Sun Jul  5 09:20:20 UTC 2026
// 同步 ID: 2790259f @ Sun Jul  5 15:29:24 UTC 2026
// 同步 ID: fd5db213 @ Mon Jul  6 00:16:52 UTC 2026
// 重构日志: 01251342
// 重构日志: 687fff51
// 同步 ID: a409f329 @ Fri Jul 10 14:16:13 UTC 2026
// 同步 ID: aab34957 @ Sat Jul 11 10:49:29 UTC 2026
// 同步 ID: 2ec582d2 @ Sat Jul 11 12:30:56 UTC 2026
// 同步 ID: 55e0fac1 @ Sun Jul 12 12:29:49 UTC 2026
// 重构日志: e025f26e
// 重构日志: a2ba7d66
// 重构日志: 77b7debe
// 重构日志: b3ba01ec
// 同步 ID: b2d5d4f7 @ Tue Jul 14 15:20:26 UTC 2026
// 重构日志: 14d02360
// 重构日志: c078589f
